<?xml version="1.0" encoding="UTF-8"?>
<coverage generated="1706468169637" clover="3.2.0">
  <project timestamp="1706468169637" name="All files">
    <metrics statements="32" coveredstatements="29" conditionals="15" coveredconditionals="12" methods="12" coveredmethods="10" elements="59" coveredelements="51" complexity="0" loc="32" ncloc="32" packages="4" files="5" classes="5"/>
    <package name="src">
      <metrics statements="2" coveredstatements="1" conditionals="0" coveredconditionals="0" methods="1" coveredmethods="0"/>
      <file name="App.tsx" path="C:/My Data/Projects/dynamic-form-assignment-react/src/App.tsx">
        <metrics statements="1" coveredstatements="0" conditionals="0" coveredconditionals="0" methods="1" coveredmethods="0"/>
        <line num="4" count="0" type="stmt"/>
      </file>
      <file name="fieldset.ts" path="C:/My Data/Projects/dynamic-form-assignment-react/src/fieldset.ts">
        <metrics statements="1" coveredstatements="1" conditionals="0" coveredconditionals="0" methods="0" coveredmethods="0"/>
        <line num="10" count="2" type="stmt"/>
      </file>
    </package>
    <package name="src.components.DynamicForm">
      <metrics statements="18" coveredstatements="18" conditionals="14" coveredconditionals="11" methods="5" coveredmethods="5"/>
      <file name="index.tsx" path="C:/My Data/Projects/dynamic-form-assignment-react/src/components/DynamicForm/index.tsx">
        <metrics statements="18" coveredstatements="18" conditionals="14" coveredconditionals="11" methods="5" coveredmethods="5"/>
        <line num="7" count="1" type="stmt"/>
        <line num="22" count="1" type="stmt"/>
        <line num="24" count="10" type="stmt"/>
        <line num="25" count="4" type="stmt"/>
        <line num="45" count="4" type="stmt"/>
        <line num="46" count="1" type="stmt"/>
        <line num="47" count="1" type="stmt"/>
        <line num="48" count="1" type="stmt"/>
        <line num="50" count="1" type="stmt"/>
        <line num="51" count="1" type="stmt"/>
        <line num="52" count="10" type="cond" truecount="4" falsecount="0"/>
        <line num="53" count="2" type="cond" truecount="1" falsecount="1"/>
        <line num="57" count="1" type="stmt"/>
        <line num="58" count="1" type="stmt"/>
        <line num="59" count="2" type="cond" truecount="1" falsecount="1"/>
        <line num="60" count="1" type="stmt"/>
        <line num="64" count="4" type="stmt"/>
        <line num="74" count="1" type="stmt"/>
      </file>
    </package>
    <package name="src.components.ResultsModal">
      <metrics statements="6" coveredstatements="4" conditionals="1" coveredconditionals="1" methods="3" coveredmethods="2"/>
      <file name="index.tsx" path="C:/My Data/Projects/dynamic-form-assignment-react/src/components/ResultsModal/index.tsx">
        <metrics statements="6" coveredstatements="4" conditionals="1" coveredconditionals="1" methods="3" coveredmethods="2"/>
        <line num="6" count="2" type="stmt"/>
        <line num="8" count="8" type="stmt"/>
        <line num="9" count="3" type="stmt"/>
        <line num="11" count="3" type="stmt"/>
        <line num="12" count="0" type="stmt"/>
        <line num="13" count="0" type="stmt"/>
      </file>
    </package>
    <package name="src.store">
      <metrics statements="6" coveredstatements="6" conditionals="0" coveredconditionals="0" methods="3" coveredmethods="3"/>
      <file name="index.ts" path="C:/My Data/Projects/dynamic-form-assignment-react/src/store/index.ts">
        <metrics statements="6" coveredstatements="6" conditionals="0" coveredconditionals="0" methods="3" coveredmethods="3"/>
        <line num="9" count="2" type="stmt"/>
        <line num="15" count="2" type="stmt"/>
        <line num="20" count="1" type="stmt"/>
        <line num="23" count="1" type="stmt"/>
        <line num="26" count="1" type="stmt"/>
        <line num="38" count="2" type="stmt"/>
      </file>
    </package>
  </project>
</coverage>
