{"C:/My Data/Projects/dynamic-form-assignment-react/src/App.tsx": {"path":"C:/My Data/Projects/dynamic-form-assignment-react/src/App.tsx","statementMap":{"0":{"start":{"line":4,"column":12},"end":{"line":12,"column":null}}},"fnMap":{"0":{"name":"(anonymous_0)","decl":{"start":{"line":4,"column":12},"end":{"line":4,"column":null}},"loc":{"start":{"line":4,"column":12},"end":{"line":12,"column":null}}}},"branchMap":{},"s":{"0":0},"f":{"0":0},"b":{}}
,"C:/My Data/Projects/dynamic-form-assignment-react/src/fieldset.ts": {"path":"C:/My Data/Projects/dynamic-form-assignment-react/src/fieldset.ts","statementMap":{"0":{"start":{"line":10,"column":48},"end":{"line":74,"column":null}}},"fnMap":{},"branchMap":{},"s":{"0":2},"f":{},"b":{}}
,"C:/My Data/Projects/dynamic-form-assignment-react/src/components/DynamicForm/index.tsx": {"path":"C:/My Data/Projects/dynamic-form-assignment-react/src/components/DynamicForm/index.tsx","statementMap":{"0":{"start":{"line":7,"column":79},"end":{"line":20,"column":null}},"1":{"start":{"line":22,"column":20},"end":{"line":78,"column":null}},"2":{"start":{"line":24,"column":48},"end":{"line":24,"column":null}},"3":{"start":{"line":24,"column":96},"end":{"line":24,"column":108}},"4":{"start":{"line":25,"column":21},"end":{"line":25,"column":null}},"5":{"start":{"line":45,"column":21},"end":{"line":62,"column":null}},"6":{"start":{"line":46,"column":8},"end":{"line":46,"column":null}},"7":{"start":{"line":47,"column":25},"end":{"line":47,"column":null}},"8":{"start":{"line":48,"column":23},"end":{"line":48,"column":null}},"9":{"start":{"line":50,"column":47},"end":{"line":50,"column":null}},"10":{"start":{"line":51,"column":8},"end":{"line":55,"column":null}},"11":{"start":{"line":52,"column":12},"end":{"line":54,"column":null}},"12":{"start":{"line":53,"column":16},"end":{"line":53,"column":null}},"13":{"start":{"line":57,"column":8},"end":{"line":57,"column":null}},"14":{"start":{"line":58,"column":8},"end":{"line":58,"column":null}},"15":{"start":{"line":59,"column":8},"end":{"line":61,"column":null}},"16":{"start":{"line":59,"column":45},"end":{"line":59,"column":50}},"17":{"start":{"line":60,"column":12},"end":{"line":60,"column":null}},"18":{"start":{"line":64,"column":20},"end":{"line":64,"column":null}},"19":{"start":{"line":74,"column":66},"end":{"line":74,"column":101}}},"fnMap":{"0":{"name":"(anonymous_0)","decl":{"start":{"line":22,"column":20},"end":{"line":22,"column":null}},"loc":{"start":{"line":22,"column":20},"end":{"line":78,"column":null}}},"1":{"name":"(anonymous_1)","decl":{"start":{"line":24,"column":60},"end":{"line":24,"column":61}},"loc":{"start":{"line":24,"column":96},"end":{"line":24,"column":108}}},"2":{"name":"(anonymous_4)","decl":{"start":{"line":45,"column":21},"end":{"line":45,"column":22}},"loc":{"start":{"line":45,"column":22},"end":{"line":62,"column":null}}},"3":{"name":"(anonymous_5)","decl":{"start":{"line":59,"column":40},"end":{"line":59,"column":45}},"loc":{"start":{"line":59,"column":45},"end":{"line":59,"column":50}}},"4":{"name":"(anonymous_8)","decl":{"start":{"line":74,"column":60},"end":{"line":74,"column":66}},"loc":{"start":{"line":74,"column":66},"end":{"line":74,"column":101}}}},"branchMap":{"0":{"loc":{"start":{"line":31,"column":16},"end":{"line":38,"column":17}},"type":"cond-expr","locations":[{"start":{"line":31,"column":16},"end":{"line":38,"column":17}}]},"1":{"loc":{"start":{"line":35,"column":27},"end":{"line":35,"column":null}},"type":"cond-expr","locations":[{"start":{"line":35,"column":56},"end":{"line":35,"column":68}},{"start":{"line":35,"column":68},"end":{"line":35,"column":null}}]},"2":{"loc":{"start":{"line":36,"column":32},"end":{"line":36,"column":null}},"type":"binary-expr","locations":[{"start":{"line":36,"column":32},"end":{"line":36,"column":58}},{"start":{"line":36,"column":62},"end":{"line":36,"column":null}}]},"3":{"loc":{"start":{"line":52,"column":12},"end":{"line":54,"column":null}},"type":"if","locations":[{"start":{"line":52,"column":12},"end":{"line":54,"column":null}},{"start":{"line":52,"column":12},"end":{"line":54,"column":null}}]},"4":{"loc":{"start":{"line":52,"column":16},"end":{"line":52,"column":47}},"type":"binary-expr","locations":[{"start":{"line":52,"column":16},"end":{"line":52,"column":32}},{"start":{"line":52,"column":36},"end":{"line":52,"column":47}}]},"5":{"loc":{"start":{"line":53,"column":30},"end":{"line":53,"column":null}},"type":"cond-expr","locations":[{"start":{"line":53,"column":86},"end":{"line":53,"column":115}},{"start":{"line":53,"column":118},"end":{"line":53,"column":null}}]},"6":{"loc":{"start":{"line":59,"column":8},"end":{"line":61,"column":null}},"type":"if","locations":[{"start":{"line":59,"column":8},"end":{"line":61,"column":null}},{"start":{"line":59,"column":8},"end":{"line":61,"column":null}}]},"7":{"loc":{"start":{"line":69,"column":16},"end":{"line":70,"column":17}},"type":"cond-expr","locations":[{"start":{"line":69,"column":16},"end":{"line":70,"column":17}}]}},"s":{"0":1,"1":1,"2":5,"3":10,"4":4,"5":4,"6":1,"7":1,"8":1,"9":1,"10":1,"11":10,"12":2,"13":1,"14":1,"15":1,"16":2,"17":1,"18":4,"19":1},"f":{"0":5,"1":10,"2":1,"3":2,"4":1},"b":{"0":[36],"1":[0,36],"2":[36,34],"3":[2,8],"4":[10,3],"5":[0,2],"6":[1,0],"7":[8]}}
,"C:/My Data/Projects/dynamic-form-assignment-react/src/components/ResultsModal/index.tsx": {"path":"C:/My Data/Projects/dynamic-form-assignment-react/src/components/ResultsModal/index.tsx","statementMap":{"0":{"start":{"line":6,"column":31},"end":{"line":30,"column":null}},"1":{"start":{"line":8,"column":48},"end":{"line":8,"column":null}},"2":{"start":{"line":8,"column":96},"end":{"line":8,"column":108}},"3":{"start":{"line":9,"column":21},"end":{"line":9,"column":null}},"4":{"start":{"line":11,"column":20},"end":{"line":14,"column":null}},"5":{"start":{"line":12,"column":8},"end":{"line":12,"column":null}},"6":{"start":{"line":13,"column":8},"end":{"line":13,"column":null}}},"fnMap":{"0":{"name":"(anonymous_0)","decl":{"start":{"line":6,"column":31},"end":{"line":6,"column":null}},"loc":{"start":{"line":6,"column":31},"end":{"line":30,"column":null}}},"1":{"name":"(anonymous_1)","decl":{"start":{"line":8,"column":60},"end":{"line":8,"column":61}},"loc":{"start":{"line":8,"column":96},"end":{"line":8,"column":108}}},"2":{"name":"(anonymous_2)","decl":{"start":{"line":11,"column":20},"end":{"line":11,"column":null}},"loc":{"start":{"line":11,"column":20},"end":{"line":14,"column":null}}}},"branchMap":{"0":{"loc":{"start":{"line":21,"column":20},"end":{"line":22,"column":21}},"type":"cond-expr","locations":[{"start":{"line":21,"column":20},"end":{"line":22,"column":21}}]}},"s":{"0":2,"1":4,"2":8,"3":3,"4":3,"5":0,"6":0},"f":{"0":4,"1":8,"2":0},"b":{"0":[6]}}
,"C:/My Data/Projects/dynamic-form-assignment-react/src/store/index.ts": {"path":"C:/My Data/Projects/dynamic-form-assignment-react/src/store/index.ts","statementMap":{"0":{"start":{"line":9,"column":34},"end":{"line":13,"column":null}},"1":{"start":{"line":15,"column":20},"end":{"line":29,"column":null}},"2":{"start":{"line":20,"column":12},"end":{"line":20,"column":null}},"3":{"start":{"line":23,"column":12},"end":{"line":23,"column":null}},"4":{"start":{"line":26,"column":12},"end":{"line":26,"column":null}},"5":{"start":{"line":38,"column":68},"end":{"line":38,"column":87}}},"fnMap":{"0":{"name":"(anonymous_0)","decl":{"start":{"line":19,"column":29},"end":{"line":19,"column":30}},"loc":{"start":{"line":19,"column":37},"end":{"line":21,"column":null}}},"1":{"name":"(anonymous_1)","decl":{"start":{"line":22,"column":20},"end":{"line":22,"column":21}},"loc":{"start":{"line":22,"column":28},"end":{"line":24,"column":null}}},"2":{"name":"(anonymous_2)","decl":{"start":{"line":25,"column":25},"end":{"line":25,"column":26}},"loc":{"start":{"line":25,"column":33},"end":{"line":27,"column":null}}}},"branchMap":{},"s":{"0":2,"1":2,"2":1,"3":1,"4":1,"5":2},"f":{"0":1,"1":1,"2":1},"b":{}}
}
